# JRE version: OpenJDK Runtime Environment (8.0_152-b01) (build 1.8.0_152-release-1024-b01)
# Java VM: OpenJDK 64-Bit Server VM (25.152-b01 mixed mode linux-amd64 compressed oops)
Heap:
 PSYoungGen      total 336384K, used 33766K [0x00000000e0000000, 0x00000000f7900000, 0x0000000100000000)
  eden space 302592K, 0% used [0x00000000e0000000,0x00000000e0000000,0x00000000f2780000)
  from space 33792K, 99% used [0x00000000f2780000,0x00000000f4879b50,0x00000000f4880000)
  to   space 22528K, 0% used [0x00000000f4880000,0x00000000f4880000,0x00000000f5e80000)
 ParOldGen       total 129024K, used 112316K [0x00000000a0000000, 0x00000000a7e00000, 0x00000000e0000000)
  object space 129024K, 87% used [0x00000000a0000000,0x00000000a6daf350,0x00000000a7e00000)
 Metaspace       used 97189K, capacity 101713K, committed 102016K, reserved 1138688K
  class space    used 12285K, capacity 13186K, committed 13440K, reserved 1048576K
GC Heap History (10 events):
Event: 4826,127 GC heap after
Heap after GC invocations=27 (full 4):
 PSYoungGen      total 284160K, used 1712K [0x00000000e0000000, 0x00000000f4280000, 0x0000000100000000)
  eden space 260096K, 0% used [0x00000000e0000000,0x00000000e0000000,0x00000000efe00000)
  from space 24064K, 7% used [0x00000000efe00000,0x00000000effac010,0x00000000f1580000)
  to   space 24576K, 0% used [0x00000000f2a80000,0x00000000f2a80000,0x00000000f4280000)
 ParOldGen       total 80384K, used 42264K [0x00000000a0000000, 0x00000000a4e80000, 0x00000000e0000000)
  object space 80384K, 52% used [0x00000000a0000000,0x00000000a2946360,0x00000000a4e80000)
 Metaspace       used 80207K, capacity 83345K, committed 85888K, reserved 1124352K
  class space    used 10204K, capacity 10840K, committed 11392K, reserved 1048576K
}
Event: 4830,189 GC heap before
{Heap before GC invocations=28 (full 4):
 PSYoungGen      total 284160K, used 261808K [0x00000000e0000000, 0x00000000f4280000, 0x0000000100000000)
  eden space 260096K, 100% used [0x00000000e0000000,0x00000000efe00000,0x00000000efe00000)
  from space 24064K, 7% used [0x00000000efe00000,0x00000000effac010,0x00000000f1580000)
  to   space 24576K, 0% used [0x00000000f2a80000,0x00000000f2a80000,0x00000000f4280000)
 ParOldGen       total 80384K, used 42268K [0x00000000a0000000, 0x00000000a4e80000, 0x00000000e0000000)
  object space 80384K, 52% used [0x00000000a0000000,0x00000000a2947370,0x00000000a4e80000)
 Metaspace       used 86207K, capacity 89443K, committed 91392K, reserved 1128448K
  class space    used 10876K, capacity 11553K, committed 12032K, reserved 1048576K
Event: 4830,243 GC heap after
Heap after GC invocations=28 (full 4):
 PSYoungGen      total 306688K, used 12668K [0x00000000e0000000, 0x00000000f4900000, 0x0000000100000000)
  eden space 282112K, 0% used [0x00000000e0000000,0x00000000e0000000,0x00000000f1380000)
  from space 24576K, 51% used [0x00000000f2a80000,0x00000000f36df3c0,0x00000000f4280000)
  to   space 23552K, 0% used [0x00000000f1380000,0x00000000f1380000,0x00000000f2a80000)
 ParOldGen       total 80384K, used 42284K [0x00000000a0000000, 0x00000000a4e80000, 0x00000000e0000000)
  object space 80384K, 52% used [0x00000000a0000000,0x00000000a294b370,0x00000000a4e80000)
 Metaspace       used 86207K, capacity 89443K, committed 91392K, reserved 1128448K
  class space    used 10876K, capacity 11553K, committed 12032K, reserved 1048576K
}
Event: 4832,247 GC heap before
{Heap before GC invocations=29 (full 5):
 PSYoungGen      total 306688K, used 294307K [0x00000000e0000000, 0x00000000f4900000, 0x0000000100000000)
  eden space 282112K, 99% used [0x00000000e0000000,0x00000000f1309888,0x00000000f1380000)
  from space 24576K, 51% used [0x00000000f2a80000,0x00000000f36df3c0,0x00000000f4280000)
  to   space 23552K, 0% used [0x00000000f1380000,0x00000000f1380000,0x00000000f2a80000)
 ParOldGen       total 108032K, used 106797K [0x00000000a0000000, 0x00000000a6980000, 0x00000000e0000000)
  object space 108032K, 98% used [0x00000000a0000000,0x00000000a684b760,0x00000000a6980000)
 Metaspace       used 87105K, capacity 90511K, committed 92032K, reserved 1128448K
  class space    used 11013K, capacity 11755K, committed 12160K, reserved 1048576K
Event: 4832,623 GC heap after
Heap after GC invocations=29 (full 5):
 PSYoungGen      total 306688K, used 0K [0x00000000e0000000, 0x00000000f4900000, 0x0000000100000000)
  eden space 282112K, 0% used [0x00000000e0000000,0x00000000e0000000,0x00000000f1380000)
  from space 24576K, 0% used [0x00000000f2a80000,0x00000000f2a80000,0x00000000f4280000)
  to   space 23552K, 0% used [0x00000000f1380000,0x00000000f1380000,0x00000000f2a80000)
 ParOldGen       total 129024K, used 58365K [0x00000000a0000000, 0x00000000a7e00000, 0x00000000e0000000)
  object space 129024K, 45% used [0x00000000a0000000,0x00000000a38ff6d0,0x00000000a7e00000)
 Metaspace       used 86827K, capacity 90211K, committed 92032K, reserved 1128448K
  class space    used 10974K, capacity 11715K, committed 12160K, reserved 1048576K
}
Event: 4836,855 GC heap before
{Heap before GC invocations=30 (full 5):
 PSYoungGen      total 306688K, used 282112K [0x00000000e0000000, 0x00000000f4900000, 0x0000000100000000)
  eden space 282112K, 100% used [0x00000000e0000000,0x00000000f1380000,0x00000000f1380000)
  from space 24576K, 0% used [0x00000000f2a80000,0x00000000f2a80000,0x00000000f4280000)
  to   space 23552K, 0% used [0x00000000f1380000,0x00000000f1380000,0x00000000f2a80000)
 ParOldGen       total 129024K, used 58365K [0x00000000a0000000, 0x00000000a7e00000, 0x00000000e0000000)
  object space 129024K, 45% used [0x00000000a0000000,0x00000000a38ff6d0,0x00000000a7e00000)
 Metaspace       used 93853K, capacity 97985K, committed 98816K, reserved 1134592K
  class space    used 11952K, capacity 12806K, committed 13056K, reserved 1048576K
Event: 4836,902 GC heap after
Heap after GC invocations=30 (full 5):
 PSYoungGen      total 305664K, used 9929K [0x00000000e0000000, 0x00000000f5e80000, 0x0000000100000000)
  eden space 282112K, 0% used [0x00000000e0000000,0x00000000e0000000,0x00000000f1380000)
  from space 23552K, 42% used [0x00000000f1380000,0x00000000f1d326a0,0x00000000f2a80000)
  to   space 22528K, 0% used [0x00000000f4880000,0x00000000f4880000,0x00000000f5e80000)
 ParOldGen       total 129024K, used 58373K [0x00000000a0000000, 0x00000000a7e00000, 0x00000000e0000000)
  object space 129024K, 45% used [0x00000000a0000000,0x00000000a39016d0,0x00000000a7e00000)
 Metaspace       used 93853K, capacity 97985K, committed 98816K, reserved 1134592K
  class space    used 11952K, capacity 12806K, committed 13056K, reserved 1048576K
}
Event: 4840,483 GC heap before
{Heap before GC invocations=31 (full 5):
 PSYoungGen      total 305664K, used 292015K [0x00000000e0000000, 0x00000000f5e80000, 0x0000000100000000)
  eden space 282112K, 99% used [0x00000000e0000000,0x00000000f1379578,0x00000000f1380000)
  from space 23552K, 42% used [0x00000000f1380000,0x00000000f1d326a0,0x00000000f2a80000)
  to   space 22528K, 0% used [0x00000000f4880000,0x00000000f4880000,0x00000000f5e80000)
 ParOldGen       total 129024K, used 58373K [0x00000000a0000000, 0x00000000a7e00000, 0x00000000e0000000)
  object space 129024K, 45% used [0x00000000a0000000,0x00000000a39016d0,0x00000000a7e00000)
 Metaspace       used 96883K, capacity 101335K, committed 101760K, reserved 1138688K
  class space    used 12276K, capacity 13175K, committed 13440K, reserved 1048576K
Event: 4840,592 GC heap after
Heap after GC invocations=31 (full 5):
 PSYoungGen      total 325120K, used 22522K [0x00000000e0000000, 0x00000000f7900000, 0x0000000100000000)
  eden space 302592K, 0% used [0x00000000e0000000,0x00000000e0000000,0x00000000f2780000)
  from space 22528K, 99% used [0x00000000f4880000,0x00000000f5e7ea68,0x00000000f5e80000)
  to   space 33792K, 0% used [0x00000000f2780000,0x00000000f2780000,0x00000000f4880000)
 ParOldGen       total 129024K, used 79594K [0x00000000a0000000, 0x00000000a7e00000, 0x00000000e0000000)
  object space 129024K, 61% used [0x00000000a0000000,0x00000000a4dba898,0x00000000a7e00000)
 Metaspace       used 96883K, capacity 101335K, committed 101760K, reserved 1138688K
  class space    used 12276K, capacity 13175K, committed 13440K, reserved 1048576K
}
Event: 4844,517 GC heap before
{Heap before GC invocations=32 (full 5):
 PSYoungGen      total 325120K, used 325114K [0x00000000e0000000, 0x00000000f7900000, 0x0000000100000000)
  eden space 302592K, 100% used [0x00000000e0000000,0x00000000f2780000,0x00000000f2780000)
  from space 22528K, 99% used [0x00000000f4880000,0x00000000f5e7ea68,0x00000000f5e80000)
  to   space 33792K, 0% used [0x00000000f2780000,0x00000000f2780000,0x00000000f4880000)
 ParOldGen       total 129024K, used 79594K [0x00000000a0000000, 0x00000000a7e00000, 0x00000000e0000000)
  object space 129024K, 61% used [0x00000000a0000000,0x00000000a4dba898,0x00000000a7e00000)
 Metaspace       used 97189K, capacity 101713K, committed 102016K, reserved 1138688K
  class space    used 12285K, capacity 13186K, committed 13440K, reserved 1048576K

